<?xml version="1.0" encoding="UTF-8"?>
<!-- Generated by org.testng.reporters.JUnitReportReporter -->
<testsuite hostname="MVTL1063LT" name="TestCases.BatchChildToYouth" tests="1" failures="0" timestamp="14 Dec 2014 02:58:56 GMT" time="1.265" errors="0">
  <testcase name="getHostname_test" time="1.265" classname="TestCases.BatchChildToYouth"/>
</testsuite> <!-- TestCases.BatchChildToYouth -->
