<?xml version="1.0" encoding="UTF-8"?>
<testsuite name="BatchProcess_DataCreate.End_To_End" tests="15" failures="0" errors="0" time="380.18"><properties><property name="soapui.https.protocols" value="TLSv1.2"/><property name="soapui.properties" value="soapui.properties"/><property name="java.runtime.name" value="Java(TM) SE Runtime Environment"/><property name="sun.boot.library.path" value="C:\Program Files\SmartBear\SoapUI-Pro-5.0.0\jre\bin"/><property name="java.vm.version" value="24.0-b56"/><property name="soapui.ext.actions" value="C:\Program Files\SmartBear\SoapUI-Pro-5.0.0\bin\actions"/><property name="soapui.ext.libraries" value="C:\Program Files\SmartBear\SoapUI-Pro-5.0.0\bin\ext"/><property name="java.vm.vendor" value="Oracle Corporation"/><property name="java.vendor.url" value="http://java.oracle.com/"/><property name="path.separator" value=";"/><property name="java.vm.name" value="Java HotSpot(TM) 64-Bit Server VM"/><property name="file.encoding.pkg" value="sun.io"/><property name="user.country" value="US"/><property name="user.script" value=""/><property name="sun.java.launcher" value="SUN_STANDARD"/><property name="sun.os.patch.level" value=""/><property name="java.vm.specification.name" value="Java Virtual Machine Specification"/><property name="user.dir" value="C:\Batch_Process\BatchProcess"/><property name="java.runtime.version" value="1.7.0_40-b43"/><property name="java.awt.graphicsenv" value="sun.awt.Win32GraphicsEnvironment"/><property name="java.endorsed.dirs" value="C:\Program Files\SmartBear\SoapUI-Pro-5.0.0\jre\lib\endorsed"/><property name="os.arch" value="amd64"/><property name="java.io.tmpdir" value="C:\Users\santosh\AppData\Local\Temp\"/><property name="line.separator" value="
"/><property name="java.vm.specification.vendor" value="Oracle Corporation"/><property name="user.variant" value=""/><property name="os.name" value="Windows 8"/><property name="sun.jnu.encoding" value="Cp1252"/><property name="java.library.path" value="C:\Program Files\SmartBear\SoapUI-Pro-5.0.0\jre\bin;C:\Windows\Sun\Java\bin;C:\Windows\system32;C:\Windows;C:/Program Files (x86)/Java/jre7/bin/client;C:/Program Files (x86)/Java/jre7/bin;C:/Program Files (x86)/Java/jre7/lib/i386;c:\Program Files (x86)\Intel\iCLS Client\;c:\Program Files\Intel\iCLS Client\;C:\Windows\system32;C:\Windows;C:\Windows\System32\Wbem;C:\Windows\System32\WindowsPowerShell\v1.0\;C:\Program Files\Intel\Intel(R) Management Engine Components\DAL;C:\Program Files\Intel\Intel(R) Management Engine Components\IPT;C:\Program Files (x86)\Intel\Intel(R) Management Engine Components\DAL;C:\Program Files (x86)\Intel\Intel(R) Management Engine Components\IPT;C:\Program Files (x86)\Windows Live\Shared;C:\Program Files (x86)\Symantec\VIP Access Client\;C:\MinGW\bin;C:\python27;C:\python27\Scripts;C:\Program Files\Java\jdk1.8.0\bin;C:\Groovy\Groovy-2.3.2\bin;C:\maven\bin;;C:\Users\santosh\Desktop\ECLIPSE\spring-tool-suite-3.6.0.RELEASE-e4.4-win32\sts-bundle\sts-3.6.0.RELEASE;;."/><property name="soapui.home" value="C:\Program Files\SmartBear\SoapUI-Pro-5.0.0\bin\"/><property name="sun.awt.enableExtraMouseButtons" value="true"/><property name="java.specification.name" value="Java Platform API Specification"/><property name="java.class.version" value="51.0"/><property name="sun.management.compiler" value="HotSpot 64-Bit Tiered Compilers"/><property name="os.version" value="6.2"/><property name="user.home" value="C:\Users\santosh"/><property name="user.timezone" value="America/New_York"/><property name="java.awt.printerjob" value="sun.awt.windows.WPrinterJob"/><property name="file.encoding" value="Cp1252"/><property name="java.specification.version" value="1.7"/><property name="java.class.path" value="C:\Program Files\SmartBear\SoapUI-Pro-5.0.0\bin\soapui-pro-5.0.0.jar;C:\Program Files\SmartBear\SoapUI-Pro-5.0.0\bin\..\lib\activation-1.1.jar;C:\Program Files\SmartBear\SoapUI-Pro-5.0.0\bin\..\lib\activeQueryBuilder-activeQueryBuilder.jar;C:\Program Files\SmartBear\SoapUI-Pro-5.0.0\bin\..\lib\axis-ant-protection.jar;C:\Program Files\SmartBear\SoapUI-Pro-5.0.0\bin\..\lib\axis-protection.jar;C:\Program Files\SmartBear\SoapUI-Pro-5.0.0\bin\..\lib\bcmail-jdk14-1.38.jar;C:\Program Files\SmartBear\SoapUI-Pro-5.0.0\bin\..\lib\bcmail-jdk14-138.jar;C:\Program Files\SmartBear\SoapUI-Pro-5.0.0\bin\..\lib\bcprov-jdk14-1.38.jar;C:\Program Files\SmartBear\SoapUI-Pro-5.0.0\bin\..\lib\bcprov-jdk14-138.jar;C:\Program Files\SmartBear\SoapUI-Pro-5.0.0\bin\..\lib\bcprov-jdk15-144.jar;C:\Program Files\SmartBear\SoapUI-Pro-5.0.0\bin\..\lib\bctsp-jdk14-1.38.jar;C:\Program Files\SmartBear\SoapUI-Pro-5.0.0\bin\..\lib\binding-2.0.1.jar;C:\Program Files\SmartBear\SoapUI-Pro-5.0.0\bin\..\lib\cajo-1.142.jar;C:\Program Files\SmartBear\SoapUI-Pro-5.0.0\bin\..\lib\commons-beanutils-1.7.0.jar;C:\Program Files\SmartBear\SoapUI-Pro-5.0.0\bin\..\lib\commons-cli-1.0.jar;C:\Program Files\SmartBear\SoapUI-Pro-5.0.0\bin\..\lib\commons-codec-1.3.jar;C:\Program Files\SmartBear\SoapUI-Pro-5.0.0\bin\..\lib\commons-collections-3.2.1.jar;C:\Program Files\SmartBear\SoapUI-Pro-5.0.0\bin\..\lib\commons-digester-1.7.jar;C:\Program Files\SmartBear\SoapUI-Pro-5.0.0\bin\..\lib\commons-discovery-0.2.jar;C:\Program Files\SmartBear\SoapUI-Pro-5.0.0\bin\..\lib\commons-httpclient-3.1.jar;C:\Program Files\SmartBear\SoapUI-Pro-5.0.0\bin\..\lib\commons-io-2.4.jar;C:\Program Files\SmartBear\SoapUI-Pro-5.0.0\bin\..\lib\commons-lang-2.4.jar;C:\Program Files\SmartBear\SoapUI-Pro-5.0.0\bin\..\lib\commons-logging-1.1.1.jar;C:\Program Files\SmartBear\SoapUI-Pro-5.0.0\bin\..\lib\cssparser-0.9.5.jar;C:\Program Files\SmartBear\SoapUI-Pro-5.0.0\bin\..\lib\dom4j-1.6.1.jar;C:\Program Files\SmartBear\SoapUI-Pro-5.0.0\bin\..\lib\downloader-1.0-SNAPSHOT.jar;C:\Program Files\SmartBear\SoapUI-Pro-5.0.0\bin\..\lib\ezmorph-1.0.5.jar;C:\Program Files\SmartBear\SoapUI-Pro-5.0.0\bin\..\lib\flex-messaging-common-1.0.jar;C:\Program Files\SmartBear\SoapUI-Pro-5.0.0\bin\..\lib\flex-messaging-core-1.0.jar;C:\Program Files\SmartBear\SoapUI-Pro-5.0.0\bin\..\lib\flex-messaging-opt-1.0.jar;C:\Program Files\SmartBear\SoapUI-Pro-5.0.0\bin\..\lib\flex-messaging-proxy-1.0.jar;C:\Program Files\SmartBear\SoapUI-Pro-5.0.0\bin\..\lib\flex-messaging-remoting-1.0.jar;C:\Program Files\SmartBear\SoapUI-Pro-5.0.0\bin\..\lib\forms-1.0.7.jar;C:\Program Files\SmartBear\SoapUI-Pro-5.0.0\bin\..\lib\groovy-all-1.8.0.jar;C:\Program Files\SmartBear\SoapUI-Pro-5.0.0\bin\..\lib\guava-14.0.jar;C:\Program Files\SmartBear\SoapUI-Pro-5.0.0\bin\..\lib\hamcrest-core-1.1.jar;C:\Program Files\SmartBear\SoapUI-Pro-5.0.0\bin\..\lib\hermes-1.14.jar;C:\Program Files\SmartBear\SoapUI-Pro-5.0.0\bin\..\lib\htmlunit-2.7.jar;C:\Program Files\SmartBear\SoapUI-Pro-5.0.0\bin\..\lib\htmlunit-core-js-2.7.jar;C:\Program Files\SmartBear\SoapUI-Pro-5.0.0\bin\..\lib\httpclient-4.1.1.jar;C:\Program Files\SmartBear\SoapUI-Pro-5.0.0\bin\..\lib\httpclient-cache-4.1.1.jar;C:\Program Files\SmartBear\SoapUI-Pro-5.0.0\bin\..\lib\httpcore-4.1.1.jar;C:\Program Files\SmartBear\SoapUI-Pro-5.0.0\bin\..\lib\httpcore-nio-4.1.1.jar;C:\Program Files\SmartBear\SoapUI-Pro-5.0.0\bin\..\lib\httpmime-4.1.1.jar;C:\Program Files\SmartBear\SoapUI-Pro-5.0.0\bin\..\lib\idw-1.6.1.jar;C:\Program Files\SmartBear\SoapUI-Pro-5.0.0\bin\..\lib\itext-2.1.7.jar;C:\Program Files\SmartBear\SoapUI-Pro-5.0.0\bin\..\lib\jasperreports-4.0.2.jar;C:\Program Files\SmartBear\SoapUI-Pro-5.0.0\bin\..\lib\jaxen-1.1-beta-8.jar;C:\Program Files\SmartBear\SoapUI-Pro-5.0.0\bin\..\lib\jaxrpc-protection.jar;C:\Program Files\SmartBear\SoapUI-Pro-5.0.0\bin\..\lib\jcalendar-1.3.2.jar;C:\Program Files\SmartBear\SoapUI-Pro-5.0.0\bin\..\lib\jcifs-1.2.9.jar;C:\Program Files\SmartBear\SoapUI-Pro-5.0.0\bin\..\lib\jcommon-1.0.15.jar;C:\Program Files\SmartBear\SoapUI-Pro-5.0.0\bin\..\lib\jdom-1.0.jar;C:\Program Files\SmartBear\SoapUI-Pro-5.0.0\bin\..\lib\jdtcore-3.1.0.jar;C:\Program Files\SmartBear\SoapUI-Pro-5.0.0\bin\..\lib\jettison-1.2.jar;C:\Program Files\SmartBear\SoapUI-Pro-5.0.0\bin\..\lib\jetty-6.1.26.jar;C:\Program Files\SmartBear\SoapUI-Pro-5.0.0\bin\..\lib\jetty-util-6.1.26.jar;C:\Program Files\SmartBear\SoapUI-Pro-5.0.0\bin\..\lib\jfreechart-1.0.12.jar;C:\Program Files\SmartBear\SoapUI-Pro-5.0.0\bin\..\lib\jhall-protection.jar;C:\Program Files\SmartBear\SoapUI-Pro-5.0.0\bin\..\lib\jms-1.1.jar;C:\Program Files\SmartBear\SoapUI-Pro-5.0.0\bin\..\lib\joda-time-1.6.2.jar;C:\Program Files\SmartBear\SoapUI-Pro-5.0.0\bin\..\lib\js-1.7R2.jar;C:\Program Files\SmartBear\SoapUI-Pro-5.0.0\bin\..\lib\json-lib-2.2.2-jdk15.jar;C:\Program Files\SmartBear\SoapUI-Pro-5.0.0\bin\..\lib\jsr173_api-1.0.jar;C:\Program Files\SmartBear\SoapUI-Pro-5.0.0\bin\..\lib\jtidy-r872-jdk15.jar;C:\Program Files\SmartBear\SoapUI-Pro-5.0.0\bin\..\lib\jug-protection.jar;C:\Program Files\SmartBear\SoapUI-Pro-5.0.0\bin\..\lib\junit-4.10.jar;C:\Program Files\SmartBear\SoapUI-Pro-5.0.0\bin\..\lib\jxl-2.6.12.jar;C:\Program Files\SmartBear\SoapUI-Pro-5.0.0\bin\..\lib\l2fprod-common-directorychooser-7.3.jar;C:\Program Files\SmartBear\SoapUI-Pro-5.0.0\bin\..\lib\l2fprod-common-fontchooser-7.3.jar;C:\Program Files\SmartBear\SoapUI-Pro-5.0.0\bin\..\lib\license4j-1.3.jar;C:\Program Files\SmartBear\SoapUI-Pro-5.0.0\bin\..\lib\log4j-1.2.14.jar;C:\Program Files\SmartBear\SoapUI-Pro-5.0.0\bin\..\lib\looks-2.2.0.jar;C:\Program Files\SmartBear\SoapUI-Pro-5.0.0\bin\..\lib\mail-1.4.jar;C:\Program Files\SmartBear\SoapUI-Pro-5.0.0\bin\..\lib\maven-plugin-api-2.0.jar;C:\Program Files\SmartBear\SoapUI-Pro-5.0.0\bin\..\lib\nekohtml-1.9.14.jar;C:\Program Files\SmartBear\SoapUI-Pro-5.0.0\bin\..\lib\netcomponents-1.3.8a.jar;C:\Program Files\SmartBear\SoapUI-Pro-5.0.0\bin\..\lib\not-yet-commons-ssl-0.3.11.jar;C:\Program Files\SmartBear\SoapUI-Pro-5.0.0\bin\..\lib\ojdbc6.jar;C:\Program Files\SmartBear\SoapUI-Pro-5.0.0\bin\..\lib\ojdbc6_g.jar;C:\Program Files\SmartBear\SoapUI-Pro-5.0.0\bin\..\lib\opencsv-1.8.jar;C:\Program Files\SmartBear\SoapUI-Pro-5.0.0\bin\..\lib\opensaml-2.5.1-1.jar;C:\Program Files\SmartBear\SoapUI-Pro-5.0.0\bin\..\lib\openws-1.4.2-1.jar;C:\Program Files\SmartBear\SoapUI-Pro-5.0.0\bin\..\lib\org.apache.oltu.oauth2.client-0.31.jar;C:\Program Files\SmartBear\SoapUI-Pro-5.0.0\bin\..\lib\org.apache.oltu.oauth2.common-0.31.jar;C:\Program Files\SmartBear\SoapUI-Pro-5.0.0\bin\..\lib\org.apache.oltu.oauth2.httpclient4-0.31.jar;C:\Program Files\SmartBear\SoapUI-Pro-5.0.0\bin\..\lib\Protection-4.6.jar;C:\Program Files\SmartBear\SoapUI-Pro-5.0.0\bin\..\lib\ProtectionHelp-4.6.jar;C:\Program Files\SmartBear\SoapUI-Pro-5.0.0\bin\..\lib\ProtectionPriv-4.6.jar;C:\Program Files\SmartBear\SoapUI-Pro-5.0.0\bin\..\lib\proxy-vole-20131209.jar;C:\Program Files\SmartBear\SoapUI-Pro-5.0.0\bin\..\lib\reports-1.0.jar;C:\Program Files\SmartBear\SoapUI-Pro-5.0.0\bin\..\lib\rsyntaxtextarea-2.5.0.jar;C:\Program Files\SmartBear\SoapUI-Pro-5.0.0\bin\..\lib\sac-1.3.jar;C:\Program Files\SmartBear\SoapUI-Pro-5.0.0\bin\..\lib\saxon-9.1.0.8j.jar;C:\Program Files\SmartBear\SoapUI-Pro-5.0.0\bin\..\lib\saxon-dom-9.1.0.8j.jar;C:\Program Files\SmartBear\SoapUI-Pro-5.0.0\bin\..\lib\serializer-2.7.1.jar;C:\Program Files\SmartBear\SoapUI-Pro-5.0.0\bin\..\lib\servlet-api-2.5-20081211.jar;C:\Program Files\SmartBear\SoapUI-Pro-5.0.0\bin\..\lib\slf4j-api-1.6.1.jar;C:\Program Files\SmartBear\SoapUI-Pro-5.0.0\bin\..\lib\soapui-5.0.0.jar;C:\Program Files\SmartBear\SoapUI-Pro-5.0.0\bin\..\lib\swingx-soapui.jar;C:\Program Files\SmartBear\SoapUI-Pro-5.0.0\bin\..\lib\ws-commons-util-1.0.2.jar;C:\Program Files\SmartBear\SoapUI-Pro-5.0.0\bin\..\lib\wsdl4j-1.6.2-fixed.jar;C:\Program Files\SmartBear\SoapUI-Pro-5.0.0\bin\..\lib\wss4j-1.6.14.jar;C:\Program Files\SmartBear\SoapUI-Pro-5.0.0\bin\..\lib\xalan-2.7.1.jar;C:\Program Files\SmartBear\SoapUI-Pro-5.0.0\bin\..\lib\xbean-fixed-2.4.0.jar;C:\Program Files\SmartBear\SoapUI-Pro-5.0.0\bin\..\lib\xbean_xpath-2.4.0.jar;C:\Program Files\SmartBear\SoapUI-Pro-5.0.0\bin\..\lib\xercesImpl-2.9.1.jar;C:\Program Files\SmartBear\SoapUI-Pro-5.0.0\bin\..\lib\xml-apis-1.3.02.jar;C:\Program Files\SmartBear\SoapUI-Pro-5.0.0\bin\..\lib\xml-apis-2.9.1.jar;C:\Program Files\SmartBear\SoapUI-Pro-5.0.0\bin\..\lib\xmlParserAPIs-2.6.2.jar;C:\Program Files\SmartBear\SoapUI-Pro-5.0.0\bin\..\lib\xmlpublic-2.4.0.jar;C:\Program Files\SmartBear\SoapUI-Pro-5.0.0\bin\..\lib\xmlsec-1.4.5.jar;C:\Program Files\SmartBear\SoapUI-Pro-5.0.0\bin\..\lib\xmltooling-1.3.2-1.jar;C:\Program Files\SmartBear\SoapUI-Pro-5.0.0\bin\..\lib\xmlunit-1.2.jar;C:\Program Files\SmartBear\SoapUI-Pro-5.0.0\bin\..\lib\xom-1.1.jar;C:\Program Files\SmartBear\SoapUI-Pro-5.0.0\bin\..\lib\xstream-1.3.1.jar;C:\Program Files\SmartBear\SoapUI-Pro-5.0.0\jre\lib\jfxrt.jar"/><property name="user.name" value="santosh"/><property name="soapui.ext.listeners" value="C:\Program Files\SmartBear\SoapUI-Pro-5.0.0\bin\listeners"/><property name="java.vm.specification.version" value="1.7"/><property name="sun.java.command" value="com.eviware.soapui.SoapUIProTestCaseRunner -Dsoapui.https.protocols=TLSv1.2 -sBatchProcess_DataCreation -cTC_Steam_Create -a -j -f.\Output -EDefault .\SoapUI\Batch_Porcess.xml"/><property name="java.home" value="C:\Program Files\SmartBear\SoapUI-Pro-5.0.0\jre"/><property name="sun.arch.data.model" value="64"/><property name="groovy.source.encoding" value="iso-8859-1"/><property name="user.language" value="en"/><property name="java.specification.vendor" value="Oracle Corporation"/><property name="awt.toolkit" value="sun.awt.windows.WToolkit"/><property name="java.vm.info" value="mixed mode"/><property name="java.version" value="1.7.0_40"/><property name="java.ext.dirs" value="C:\Program Files\SmartBear\SoapUI-Pro-5.0.0\jre\lib\ext;C:\Windows\Sun\Java\lib\ext"/><property name="sun.boot.class.path" value="C:\Program Files\SmartBear\SoapUI-Pro-5.0.0\jre\lib\resources.jar;C:\Program Files\SmartBear\SoapUI-Pro-5.0.0\jre\lib\rt.jar;C:\Program Files\SmartBear\SoapUI-Pro-5.0.0\jre\lib\sunrsasign.jar;C:\Program Files\SmartBear\SoapUI-Pro-5.0.0\jre\lib\jsse.jar;C:\Program Files\SmartBear\SoapUI-Pro-5.0.0\jre\lib\jce.jar;C:\Program Files\SmartBear\SoapUI-Pro-5.0.0\jre\lib\charsets.jar;C:\Program Files\SmartBear\SoapUI-Pro-5.0.0\jre\lib\jfr.jar;C:\Program Files\SmartBear\SoapUI-Pro-5.0.0\jre\classes"/><property name="java.vendor" value="Oracle Corporation"/><property name="file.separator" value="\"/><property name="java.vendor.url.bug" value="http://bugreport.sun.com/bugreport/"/><property name="sun.io.unicode.encoding" value="UnicodeLittle"/><property name="sun.cpu.endian" value="little"/><property name="sun.desktop" value="windows"/><property name="sun.cpu.isalist" value="amd64"/></properties><testcase name="SetPem" time="0.183"/><testcase name="AccountCreate" time="1.806"/><testcase name="SetPem" time="0.015"/><testcase name="UserCreate" time="358.637"/><testcase name="SetPem" time="0.002"/><testcase name="SetPem" time="0.002"/><testcase name="STS" time="2.332"/><testcase name="SetPem" time="0.002"/><testcase name="SetPem" time="0.013"/><testcase name="SetPem" time="0.023"/><testcase name="PoliciesForUser" time="4.104"/><testcase name="SetPem" time="0.013"/><testcase name="RightsTokenCreateRequest" time="1.539"/><testcase name="SetPem" time="0.01"/><testcase name="StreamCreate" time="11.499"/></testsuite>